  [1m[36m (1.7ms)[0m  [1mCREATE TABLE "schema_migrations" ("version" varchar NOT NULL) [0m
  [1m[35m (0.1ms)[0m  select sqlite_version(*)
  [1m[36m (1.6ms)[0m  [1mCREATE UNIQUE INDEX "unique_schema_migrations" ON "schema_migrations" ("version")[0m
  [1m[35mActiveRecord::SchemaMigration Load (0.1ms)[0m  SELECT "schema_migrations".* FROM "schema_migrations"


Started GET "/" for ::1 at 2015-11-17 17:47:54 -0600
Processing by Rails::WelcomeController#index as HTML
  Rendered /Users/admin/.rvm/gems/ruby-2.1.2/gems/railties-4.2.3/lib/rails/templates/rails/welcome/index.html.erb (2.8ms)
Completed 200 OK in 27ms (Views: 19.4ms | ActiveRecord: 0.0ms)
  [1m[36mActiveRecord::SchemaMigration Load (0.1ms)[0m  [1mSELECT "schema_migrations".* FROM "schema_migrations"[0m
Migrating to CreateStudents (1)
  [1m[35m (0.1ms)[0m  begin transaction
  [1m[36m (0.4ms)[0m  [1mCREATE TABLE "students" ("id" INTEGER PRIMARY KEY AUTOINCREMENT NOT NULL, "first_name" varchar, "last_name" varchar, "created_at" datetime NOT NULL, "updated_at" datetime NOT NULL) [0m
  [1m[35mSQL (0.3ms)[0m  INSERT INTO "schema_migrations" ("version") VALUES (?)  [["version", "1"]]
  [1m[36m (1.4ms)[0m  [1mcommit transaction[0m
  [1m[35mActiveRecord::SchemaMigration Load (0.1ms)[0m  SELECT "schema_migrations".* FROM "schema_migrations"
  [1m[36m (0.1ms)[0m  [1mbegin transaction[0m
  [1m[35mSQL (0.3ms)[0m  INSERT INTO "students" ("first_name", "last_name", "created_at", "updated_at") VALUES (?, ?, ?, ?)  [["first_name", "Jordan"], ["last_name", "Hudgens"], ["created_at", "2015-11-18 00:10:55.545365"], ["updated_at", "2015-11-18 00:10:55.545365"]]
  [1m[36m (2.9ms)[0m  [1mcommit transaction[0m
  [1m[35mStudent Load (0.2ms)[0m  SELECT  "students".* FROM "students"  ORDER BY "students"."id" DESC LIMIT 1
  [1m[36m (0.1ms)[0m  [1mbegin transaction[0m
  [1m[35mSQL (0.3ms)[0m  INSERT INTO "students" ("created_at", "updated_at") VALUES (?, ?)  [["created_at", "2015-11-18 00:17:49.095449"], ["updated_at", "2015-11-18 00:17:49.095449"]]
  [1m[36m (1.2ms)[0m  [1mcommit transaction[0m
  [1m[35mStudent Load (0.2ms)[0m  SELECT  "students".* FROM "students"  ORDER BY "students"."id" DESC LIMIT 1
  [1m[36mActiveRecord::SchemaMigration Load (0.1ms)[0m  [1mSELECT "schema_migrations".* FROM "schema_migrations"[0m
  [1m[35mActiveRecord::SchemaMigration Load (0.1ms)[0m  SELECT "schema_migrations".* FROM "schema_migrations"


Started GET "/" for ::1 at 2015-11-18 13:36:42 -0600
  [1m[36mActiveRecord::SchemaMigration Load (0.1ms)[0m  [1mSELECT "schema_migrations".* FROM "schema_migrations"[0m
Processing by Rails::WelcomeController#index as HTML
  Rendered /Users/admin/.rvm/gems/ruby-2.1.2/gems/railties-4.2.3/lib/rails/templates/rails/welcome/index.html.erb (2.4ms)
Completed 200 OK in 39ms (Views: 24.5ms | ActiveRecord: 0.0ms)


Started GET "/" for ::1 at 2015-11-18 13:37:10 -0600
Processing by Rails::WelcomeController#index as HTML
  Rendered /Users/admin/.rvm/gems/ruby-2.1.2/gems/railties-4.2.3/lib/rails/templates/rails/welcome/index.html.erb (0.0ms)
Completed 200 OK in 1ms (Views: 0.7ms | ActiveRecord: 0.0ms)
  [1m[36mActiveRecord::SchemaMigration Load (0.1ms)[0m  [1mSELECT "schema_migrations".* FROM "schema_migrations"[0m
  [1m[35mActiveRecord::SchemaMigration Load (0.1ms)[0m  SELECT "schema_migrations".* FROM "schema_migrations"
  [1m[36mActiveRecord::SchemaMigration Load (0.1ms)[0m  [1mSELECT "schema_migrations".* FROM "schema_migrations"[0m
  [1m[35mActiveRecord::SchemaMigration Load (0.1ms)[0m  SELECT "schema_migrations".* FROM "schema_migrations"
  [1m[36mStudent Load (1.8ms)[0m  [1mSELECT "students".* FROM "students"[0m
  [1m[36m (12.5ms)[0m  [1mCREATE TABLE "schema_migrations" ("version" varchar NOT NULL) [0m
  [1m[35m (1.4ms)[0m  select sqlite_version(*)
  [1m[36m (4.4ms)[0m  [1mCREATE UNIQUE INDEX "unique_schema_migrations" ON "schema_migrations" ("version")[0m
  [1m[35mActiveRecord::SchemaMigration Load (0.1ms)[0m  SELECT "schema_migrations".* FROM "schema_migrations"
  [1m[36mActiveRecord::SchemaMigration Load (0.1ms)[0m  [1mSELECT "schema_migrations".* FROM "schema_migrations"[0m
Migrating to CreateStudents (1)
  [1m[35m (0.1ms)[0m  begin transaction
  [1m[36m (0.6ms)[0m  [1mCREATE TABLE "students" ("id" INTEGER PRIMARY KEY AUTOINCREMENT NOT NULL, "first_name" varchar, "last_name" varchar, "created_at" datetime NOT NULL, "updated_at" datetime NOT NULL) [0m
  [1m[35mSQL (0.3ms)[0m  INSERT INTO "schema_migrations" ("version") VALUES (?)  [["version", "1"]]
  [1m[36m (1.4ms)[0m  [1mcommit transaction[0m
  [1m[35mActiveRecord::SchemaMigration Load (0.1ms)[0m  SELECT "schema_migrations".* FROM "schema_migrations"
  [1m[36mActiveRecord::SchemaMigration Load (0.1ms)[0m  [1mSELECT "schema_migrations".* FROM "schema_migrations"[0m
  [1m[36mActiveRecord::SchemaMigration Load (0.1ms)[0m  [1mSELECT "schema_migrations".* FROM "schema_migrations"[0m
  [1m[36mActiveRecord::SchemaMigration Load (0.1ms)[0m  [1mSELECT "schema_migrations".* FROM "schema_migrations"[0m
  [1m[36mActiveRecord::SchemaMigration Load (0.1ms)[0m  [1mSELECT "schema_migrations".* FROM "schema_migrations"[0m
  [1m[35m (0.1ms)[0m  begin transaction
  [1m[36mSQL (1.5ms)[0m  [1mINSERT INTO "students" ("first_name", "last_name", "created_at", "updated_at") VALUES (?, ?, ?, ?)[0m  [["first_name", "Rick"], ["last_name", "Sanchez"], ["created_at", "2017-11-27 21:49:00.630782"], ["updated_at", "2017-11-27 21:49:00.630782"]]
  [1m[35m (1.0ms)[0m  commit transaction
  [1m[36m (0.1ms)[0m  [1mbegin transaction[0m
  [1m[35mSQL (0.3ms)[0m  INSERT INTO "students" ("first_name", "last_name", "created_at", "updated_at") VALUES (?, ?, ?, ?)  [["first_name", "Morty"], ["last_name", "Smith"], ["created_at", "2017-11-27 21:49:00.640060"], ["updated_at", "2017-11-27 21:49:00.640060"]]
  [1m[36m (0.8ms)[0m  [1mcommit transaction[0m
  [1m[36mStudent Load (1.3ms)[0m  [1mSELECT "students".* FROM "students"[0m
  [1m[36mActiveRecord::SchemaMigration Load (0.3ms)[0m  [1mSELECT "schema_migrations".* FROM "schema_migrations"[0m
  [1m[35mActiveRecord::SchemaMigration Load (0.1ms)[0m  SELECT "schema_migrations".* FROM "schema_migrations"
  [1m[36mActiveRecord::SchemaMigration Load (0.1ms)[0m  [1mSELECT "schema_migrations".* FROM "schema_migrations"[0m
  [1m[35m (0.0ms)[0m  begin transaction
  [1m[36mSQL (1.2ms)[0m  [1mINSERT INTO "students" ("first_name", "last_name", "created_at", "updated_at") VALUES (?, ?, ?, ?)[0m  [["first_name", "Rick"], ["last_name", "Sanchez"], ["created_at", "2017-11-27 21:50:33.278104"], ["updated_at", "2017-11-27 21:50:33.278104"]]
  [1m[35m (1.1ms)[0m  commit transaction
  [1m[36m (0.1ms)[0m  [1mbegin transaction[0m
  [1m[35mSQL (0.3ms)[0m  INSERT INTO "students" ("first_name", "last_name", "created_at", "updated_at") VALUES (?, ?, ?, ?)  [["first_name", "Morty"], ["last_name", "Smith"], ["created_at", "2017-11-27 21:50:33.287825"], ["updated_at", "2017-11-27 21:50:33.287825"]]
  [1m[36m (0.7ms)[0m  [1mcommit transaction[0m
  [1m[36m (1.3ms)[0m  [1mCREATE TABLE "schema_migrations" ("version" varchar NOT NULL) [0m
  [1m[35m (0.1ms)[0m  select sqlite_version(*)
  [1m[36m (1.3ms)[0m  [1mCREATE UNIQUE INDEX "unique_schema_migrations" ON "schema_migrations" ("version")[0m
  [1m[35mActiveRecord::SchemaMigration Load (0.1ms)[0m  SELECT "schema_migrations".* FROM "schema_migrations"
Migrating to CreateStudents (1)
  [1m[36m (0.1ms)[0m  [1mbegin transaction[0m
  [1m[35m (0.7ms)[0m  CREATE TABLE "students" ("id" INTEGER PRIMARY KEY AUTOINCREMENT NOT NULL, "first_name" varchar, "last_name" varchar, "created_at" datetime NOT NULL, "updated_at" datetime NOT NULL) 
  [1m[36mSQL (0.8ms)[0m  [1mINSERT INTO "schema_migrations" ("version") VALUES (?)[0m  [["version", "1"]]
  [1m[35m (1.4ms)[0m  commit transaction
  [1m[36mActiveRecord::SchemaMigration Load (0.6ms)[0m  [1mSELECT "schema_migrations".* FROM "schema_migrations"[0m
  [1m[36mActiveRecord::SchemaMigration Load (0.1ms)[0m  [1mSELECT "schema_migrations".* FROM "schema_migrations"[0m
  [1m[35m (0.0ms)[0m  begin transaction
  [1m[36mSQL (0.5ms)[0m  [1mINSERT INTO "students" ("first_name", "last_name", "created_at", "updated_at") VALUES (?, ?, ?, ?)[0m  [["first_name", "Rick"], ["last_name", "Sanchez"], ["created_at", "2017-11-27 21:51:05.201787"], ["updated_at", "2017-11-27 21:51:05.201787"]]
  [1m[35m (1.0ms)[0m  commit transaction
  [1m[36m (0.1ms)[0m  [1mbegin transaction[0m
  [1m[35mSQL (0.3ms)[0m  INSERT INTO "students" ("first_name", "last_name", "created_at", "updated_at") VALUES (?, ?, ?, ?)  [["first_name", "Morty"], ["last_name", "Smith"], ["created_at", "2017-11-27 21:51:05.207095"], ["updated_at", "2017-11-27 21:51:05.207095"]]
  [1m[36m (0.8ms)[0m  [1mcommit transaction[0m
  [1m[36mStudent Load (1.6ms)[0m  [1mSELECT "students".* FROM "students"[0m
  [1m[36mActiveRecord::SchemaMigration Load (0.1ms)[0m  [1mSELECT "schema_migrations".* FROM "schema_migrations"[0m
  [1m[35mActiveRecord::SchemaMigration Load (0.1ms)[0m  SELECT "schema_migrations".* FROM "schema_migrations"
  [1m[36mActiveRecord::SchemaMigration Load (0.1ms)[0m  [1mSELECT "schema_migrations".* FROM "schema_migrations"[0m
  [1m[35m (0.0ms)[0m  begin transaction
  [1m[36mSQL (0.4ms)[0m  [1mINSERT INTO "students" ("first_name", "last_name", "created_at", "updated_at") VALUES (?, ?, ?, ?)[0m  [["first_name", "Rick"], ["last_name", "Sanchez"], ["created_at", "2017-11-27 22:36:20.068511"], ["updated_at", "2017-11-27 22:36:20.068511"]]
  [1m[35m (0.8ms)[0m  commit transaction
  [1m[36m (0.0ms)[0m  [1mbegin transaction[0m
  [1m[35mSQL (0.4ms)[0m  INSERT INTO "students" ("first_name", "last_name", "created_at", "updated_at") VALUES (?, ?, ?, ?)  [["first_name", "Morty"], ["last_name", "Smith"], ["created_at", "2017-11-27 22:36:20.073040"], ["updated_at", "2017-11-27 22:36:20.073040"]]
  [1m[36m (0.9ms)[0m  [1mcommit transaction[0m
  [1m[36mStudent Load (1.4ms)[0m  [1mSELECT "students".* FROM "students"[0m
  [1m[36m (1.5ms)[0m  [1mCREATE TABLE "students" ("id" INTEGER PRIMARY KEY AUTOINCREMENT NOT NULL, "first_name" varchar, "last_name" varchar, "created_at" datetime NOT NULL, "updated_at" datetime NOT NULL) [0m
  [1m[35m (2.8ms)[0m  CREATE TABLE "schema_migrations" ("version" varchar NOT NULL) 
  [1m[36m (0.4ms)[0m  [1mselect sqlite_version(*)[0m
  [1m[35m (1.5ms)[0m  CREATE UNIQUE INDEX "unique_schema_migrations" ON "schema_migrations" ("version")
  [1m[36m (1.2ms)[0m  [1mSELECT version FROM "schema_migrations"[0m
  [1m[35m (1.5ms)[0m  INSERT INTO "schema_migrations" (version) VALUES ('1')
  [1m[36m (1.3ms)[0m  [1mCREATE TABLE "students" ("id" INTEGER PRIMARY KEY AUTOINCREMENT NOT NULL, "first_name" varchar, "last_name" varchar, "created_at" datetime NOT NULL, "updated_at" datetime NOT NULL) [0m
  [1m[35m (3.2ms)[0m  CREATE TABLE "schema_migrations" ("version" varchar NOT NULL) 
  [1m[36m (0.1ms)[0m  [1mselect sqlite_version(*)[0m
  [1m[35m (6.0ms)[0m  CREATE UNIQUE INDEX "unique_schema_migrations" ON "schema_migrations" ("version")
  [1m[36m (0.2ms)[0m  [1mSELECT version FROM "schema_migrations"[0m
  [1m[35m (1.3ms)[0m  INSERT INTO "schema_migrations" (version) VALUES ('1')
  [1m[36mActiveRecord::SchemaMigration Load (0.1ms)[0m  [1mSELECT "schema_migrations".* FROM "schema_migrations"[0m
  [1m[35m (0.1ms)[0m  begin transaction
  [1m[36mSQL (0.5ms)[0m  [1mINSERT INTO "students" ("first_name", "last_name", "created_at", "updated_at") VALUES (?, ?, ?, ?)[0m  [["first_name", "Rick"], ["last_name", "Sanchez"], ["created_at", "2017-11-28 14:57:46.121937"], ["updated_at", "2017-11-28 14:57:46.121937"]]
  [1m[35m (1.0ms)[0m  commit transaction
  [1m[36m (0.2ms)[0m  [1mbegin transaction[0m
  [1m[35mSQL (0.9ms)[0m  INSERT INTO "students" ("first_name", "last_name", "created_at", "updated_at") VALUES (?, ?, ?, ?)  [["first_name", "Morty"], ["last_name", "Smith"], ["created_at", "2017-11-28 14:57:46.128328"], ["updated_at", "2017-11-28 14:57:46.128328"]]
  [1m[36m (1.4ms)[0m  [1mcommit transaction[0m
  [1m[36m (1.3ms)[0m  [1mCREATE TABLE "schema_migrations" ("version" varchar NOT NULL) [0m
  [1m[35m (0.1ms)[0m  select sqlite_version(*)
  [1m[36m (1.2ms)[0m  [1mCREATE UNIQUE INDEX "unique_schema_migrations" ON "schema_migrations" ("version")[0m
  [1m[35mActiveRecord::SchemaMigration Load (0.1ms)[0m  SELECT "schema_migrations".* FROM "schema_migrations"
Migrating to CreateStudents (1)
  [1m[36m (0.1ms)[0m  [1mbegin transaction[0m
  [1m[35m (0.7ms)[0m  CREATE TABLE "students" ("id" INTEGER PRIMARY KEY AUTOINCREMENT NOT NULL, "first_name" varchar, "last_name" varchar, "created_at" datetime NOT NULL, "updated_at" datetime NOT NULL) 
  [1m[36mSQL (0.2ms)[0m  [1mINSERT INTO "schema_migrations" ("version") VALUES (?)[0m  [["version", "1"]]
  [1m[35m (1.1ms)[0m  commit transaction
  [1m[36mActiveRecord::SchemaMigration Load (0.1ms)[0m  [1mSELECT "schema_migrations".* FROM "schema_migrations"[0m
  [1m[36m (1.7ms)[0m  [1mCREATE TABLE "schema_migrations" ("version" varchar NOT NULL) [0m
  [1m[35m (0.2ms)[0m  select sqlite_version(*)
  [1m[36m (1.0ms)[0m  [1mCREATE UNIQUE INDEX "unique_schema_migrations" ON "schema_migrations" ("version")[0m
  [1m[35mActiveRecord::SchemaMigration Load (0.1ms)[0m  SELECT "schema_migrations".* FROM "schema_migrations"
Migrating to CreateStudents (1)
  [1m[36m (0.1ms)[0m  [1mbegin transaction[0m
  [1m[35m (0.4ms)[0m  CREATE TABLE "students" ("id" INTEGER PRIMARY KEY AUTOINCREMENT NOT NULL, "first_name" varchar, "last_name" varchar, "created_at" datetime NOT NULL, "updated_at" datetime NOT NULL) 
  [1m[36mSQL (0.3ms)[0m  [1mINSERT INTO "schema_migrations" ("version") VALUES (?)[0m  [["version", "1"]]
  [1m[35m (0.9ms)[0m  commit transaction
  [1m[36mActiveRecord::SchemaMigration Load (0.2ms)[0m  [1mSELECT "schema_migrations".* FROM "schema_migrations"[0m
  [1m[36mActiveRecord::SchemaMigration Load (0.2ms)[0m  [1mSELECT "schema_migrations".* FROM "schema_migrations"[0m
  [1m[35m (0.1ms)[0m  begin transaction
  [1m[36mSQL (0.5ms)[0m  [1mINSERT INTO "students" ("first_name", "last_name", "created_at", "updated_at") VALUES (?, ?, ?, ?)[0m  [["first_name", "Rick"], ["last_name", "Sanchez"], ["created_at", "2017-11-28 15:01:02.840734"], ["updated_at", "2017-11-28 15:01:02.840734"]]
  [1m[35m (0.9ms)[0m  commit transaction
  [1m[36m (0.1ms)[0m  [1mbegin transaction[0m
  [1m[35mSQL (0.3ms)[0m  INSERT INTO "students" ("first_name", "last_name", "created_at", "updated_at") VALUES (?, ?, ?, ?)  [["first_name", "Morty"], ["last_name", "Smith"], ["created_at", "2017-11-28 15:01:02.845645"], ["updated_at", "2017-11-28 15:01:02.845645"]]
  [1m[36m (0.8ms)[0m  [1mcommit transaction[0m
Started GET "/" for ::1 at 2020-08-25 22:01:57 -0400
  [1m[36mActiveRecord::SchemaMigration Load (0.1ms)[0m  [1m[34mSELECT "schema_migrations".* FROM "schema_migrations"[0m
Processing by Rails::WelcomeController#index as HTML
  Parameters: {"internal"=>true}
  Rendering /Users/augustoibarrola/.rvm/gems/ruby-2.6.1/gems/railties-5.0.7.2/lib/rails/templates/rails/welcome/index.html.erb
  Rendered /Users/augustoibarrola/.rvm/gems/ruby-2.6.1/gems/railties-5.0.7.2/lib/rails/templates/rails/welcome/index.html.erb (8.3ms)
Completed 200 OK in 33ms (Views: 20.4ms | ActiveRecord: 0.0ms)


Started GET "/students" for ::1 at 2020-08-25 22:02:21 -0400
Processing by StudentsController#index as HTML
  Rendering students/index.html.erb
  Rendered students/index.html.erb (0.4ms)
Completed 500 Internal Server Error in 5ms (ActiveRecord: 0.0ms)


  
SyntaxError (/Users/augustoibarrola/Development/code/Module_2/rails-restful-index-action-lab-nyc01-seng-ft-080320/app/views/students/index.html.erb:3: syntax error, unexpected end
...eeze;@output_buffer.append=(end);@output_buffer.to_s
...                            ^~~
/Users/augustoibarrola/Development/code/Module_2/rails-restful-index-action-lab-nyc01-seng-ft-080320/app/views/students/index.html.erb:4: syntax error, unexpected ensure, expecting ')'
          ensure
          ^~~~~~
/Users/augustoibarrola/Development/code/Module_2/rails-restful-index-action-lab-nyc01-seng-ft-080320/app/views/students/index.html.erb:6: syntax error, unexpected end, expecting ')'
          end
          ^~~):
  
app/views/students/index.html.erb:3: syntax error, unexpected end
app/views/students/index.html.erb:4: syntax error, unexpected ensure, expecting ')'
app/views/students/index.html.erb:6: syntax error, unexpected end, expecting ')'
  Rendering /Users/augustoibarrola/.rvm/gems/ruby-2.6.1/gems/actionpack-5.0.7.2/lib/action_dispatch/middleware/templates/rescues/diagnostics.html.erb within rescues/layout
  Rendering /Users/augustoibarrola/.rvm/gems/ruby-2.6.1/gems/actionpack-5.0.7.2/lib/action_dispatch/middleware/templates/rescues/_source.html.erb
  Rendered /Users/augustoibarrola/.rvm/gems/ruby-2.6.1/gems/actionpack-5.0.7.2/lib/action_dispatch/middleware/templates/rescues/_source.html.erb (2.4ms)
  Rendering /Users/augustoibarrola/.rvm/gems/ruby-2.6.1/gems/actionpack-5.0.7.2/lib/action_dispatch/middleware/templates/rescues/_trace.html.erb
  Rendered /Users/augustoibarrola/.rvm/gems/ruby-2.6.1/gems/actionpack-5.0.7.2/lib/action_dispatch/middleware/templates/rescues/_trace.html.erb (1.1ms)
  Rendering /Users/augustoibarrola/.rvm/gems/ruby-2.6.1/gems/actionpack-5.0.7.2/lib/action_dispatch/middleware/templates/rescues/_request_and_response.html.erb
  Rendered /Users/augustoibarrola/.rvm/gems/ruby-2.6.1/gems/actionpack-5.0.7.2/lib/action_dispatch/middleware/templates/rescues/_request_and_response.html.erb (0.5ms)
  Rendered /Users/augustoibarrola/.rvm/gems/ruby-2.6.1/gems/actionpack-5.0.7.2/lib/action_dispatch/middleware/templates/rescues/diagnostics.html.erb within rescues/layout (24.1ms)
Started GET "/students" for ::1 at 2020-08-25 22:51:28 -0400
Processing by StudentsController#index as HTML
  Rendering students/index.html.erb within layouts/application
  Rendered students/index.html.erb within layouts/application (2.4ms)
Completed 500 Internal Server Error in 15ms (ActiveRecord: 0.0ms)


  
SyntaxError (/Users/augustoibarrola/Development/code/Module_2/rails-restful-index-action-lab-nyc01-seng-ft-080320/app/views/students/index.html.erb:3: syntax error, unexpected end
...eeze;@output_buffer.append=(end);@output_buffer.to_s
...                            ^~~
/Users/augustoibarrola/Development/code/Module_2/rails-restful-index-action-lab-nyc01-seng-ft-080320/app/views/students/index.html.erb:4: syntax error, unexpected ensure, expecting ')'
          ensure
          ^~~~~~
/Users/augustoibarrola/Development/code/Module_2/rails-restful-index-action-lab-nyc01-seng-ft-080320/app/views/students/index.html.erb:6: syntax error, unexpected end, expecting ')'
          end
          ^~~):
  
app/views/students/index.html.erb:3: syntax error, unexpected end
app/views/students/index.html.erb:4: syntax error, unexpected ensure, expecting ')'
app/views/students/index.html.erb:6: syntax error, unexpected end, expecting ')'
  Rendering /Users/augustoibarrola/.rvm/gems/ruby-2.6.1/gems/actionpack-5.0.7.2/lib/action_dispatch/middleware/templates/rescues/diagnostics.html.erb within rescues/layout
  Rendering /Users/augustoibarrola/.rvm/gems/ruby-2.6.1/gems/actionpack-5.0.7.2/lib/action_dispatch/middleware/templates/rescues/_source.html.erb
  Rendered /Users/augustoibarrola/.rvm/gems/ruby-2.6.1/gems/actionpack-5.0.7.2/lib/action_dispatch/middleware/templates/rescues/_source.html.erb (2.8ms)
  Rendering /Users/augustoibarrola/.rvm/gems/ruby-2.6.1/gems/actionpack-5.0.7.2/lib/action_dispatch/middleware/templates/rescues/_trace.html.erb
  Rendered /Users/augustoibarrola/.rvm/gems/ruby-2.6.1/gems/actionpack-5.0.7.2/lib/action_dispatch/middleware/templates/rescues/_trace.html.erb (2.6ms)
  Rendering /Users/augustoibarrola/.rvm/gems/ruby-2.6.1/gems/actionpack-5.0.7.2/lib/action_dispatch/middleware/templates/rescues/_request_and_response.html.erb
  Rendered /Users/augustoibarrola/.rvm/gems/ruby-2.6.1/gems/actionpack-5.0.7.2/lib/action_dispatch/middleware/templates/rescues/_request_and_response.html.erb (0.8ms)
  Rendered /Users/augustoibarrola/.rvm/gems/ruby-2.6.1/gems/actionpack-5.0.7.2/lib/action_dispatch/middleware/templates/rescues/diagnostics.html.erb within rescues/layout (25.4ms)
Started GET "/students" for ::1 at 2020-08-25 22:54:01 -0400
Processing by StudentsController#index as HTML
  Rendering students/index.html.erb within layouts/application
  Rendered students/index.html.erb within layouts/application (0.4ms)
Completed 500 Internal Server Error in 3ms (ActiveRecord: 0.0ms)


  
SyntaxError (/Users/augustoibarrola/Development/code/Module_2/rails-restful-index-action-lab-nyc01-seng-ft-080320/app/views/students/index.html.erb:3: syntax error, unexpected end
...eeze;@output_buffer.append=(end);@output_buffer.to_s
...                            ^~~
/Users/augustoibarrola/Development/code/Module_2/rails-restful-index-action-lab-nyc01-seng-ft-080320/app/views/students/index.html.erb:4: syntax error, unexpected ensure, expecting ')'
          ensure
          ^~~~~~
/Users/augustoibarrola/Development/code/Module_2/rails-restful-index-action-lab-nyc01-seng-ft-080320/app/views/students/index.html.erb:6: syntax error, unexpected end, expecting ')'
          end
          ^~~):
  
app/views/students/index.html.erb:3: syntax error, unexpected end
app/views/students/index.html.erb:4: syntax error, unexpected ensure, expecting ')'
app/views/students/index.html.erb:6: syntax error, unexpected end, expecting ')'
  Rendering /Users/augustoibarrola/.rvm/gems/ruby-2.6.1/gems/actionpack-5.0.7.2/lib/action_dispatch/middleware/templates/rescues/diagnostics.html.erb within rescues/layout
  Rendering /Users/augustoibarrola/.rvm/gems/ruby-2.6.1/gems/actionpack-5.0.7.2/lib/action_dispatch/middleware/templates/rescues/_source.html.erb
  Rendered /Users/augustoibarrola/.rvm/gems/ruby-2.6.1/gems/actionpack-5.0.7.2/lib/action_dispatch/middleware/templates/rescues/_source.html.erb (2.9ms)
  Rendering /Users/augustoibarrola/.rvm/gems/ruby-2.6.1/gems/actionpack-5.0.7.2/lib/action_dispatch/middleware/templates/rescues/_trace.html.erb
  Rendered /Users/augustoibarrola/.rvm/gems/ruby-2.6.1/gems/actionpack-5.0.7.2/lib/action_dispatch/middleware/templates/rescues/_trace.html.erb (1.3ms)
  Rendering /Users/augustoibarrola/.rvm/gems/ruby-2.6.1/gems/actionpack-5.0.7.2/lib/action_dispatch/middleware/templates/rescues/_request_and_response.html.erb
  Rendered /Users/augustoibarrola/.rvm/gems/ruby-2.6.1/gems/actionpack-5.0.7.2/lib/action_dispatch/middleware/templates/rescues/_request_and_response.html.erb (0.6ms)
  Rendered /Users/augustoibarrola/.rvm/gems/ruby-2.6.1/gems/actionpack-5.0.7.2/lib/action_dispatch/middleware/templates/rescues/diagnostics.html.erb within rescues/layout (17.7ms)
Started GET "/students" for ::1 at 2020-08-25 22:54:22 -0400
Processing by StudentsController#index as HTML
  Rendering students/index.html.erb within layouts/application
  Rendered students/index.html.erb within layouts/application (0.7ms)
Completed 500 Internal Server Error in 4ms (ActiveRecord: 0.0ms)


  
SyntaxError (/Users/augustoibarrola/Development/code/Module_2/rails-restful-index-action-lab-nyc01-seng-ft-080320/app/views/students/index.html.erb:3: syntax error, unexpected end
...eze;@output_buffer.append=( end );@output_buffer.to_s
...                            ^~~
/Users/augustoibarrola/Development/code/Module_2/rails-restful-index-action-lab-nyc01-seng-ft-080320/app/views/students/index.html.erb:4: syntax error, unexpected ensure, expecting ')'
          ensure
          ^~~~~~
/Users/augustoibarrola/Development/code/Module_2/rails-restful-index-action-lab-nyc01-seng-ft-080320/app/views/students/index.html.erb:6: syntax error, unexpected end, expecting ')'
          end
          ^~~):
  
app/views/students/index.html.erb:3: syntax error, unexpected end
app/views/students/index.html.erb:4: syntax error, unexpected ensure, expecting ')'
app/views/students/index.html.erb:6: syntax error, unexpected end, expecting ')'
  Rendering /Users/augustoibarrola/.rvm/gems/ruby-2.6.1/gems/actionpack-5.0.7.2/lib/action_dispatch/middleware/templates/rescues/diagnostics.html.erb within rescues/layout
  Rendering /Users/augustoibarrola/.rvm/gems/ruby-2.6.1/gems/actionpack-5.0.7.2/lib/action_dispatch/middleware/templates/rescues/_source.html.erb
  Rendered /Users/augustoibarrola/.rvm/gems/ruby-2.6.1/gems/actionpack-5.0.7.2/lib/action_dispatch/middleware/templates/rescues/_source.html.erb (2.3ms)
  Rendering /Users/augustoibarrola/.rvm/gems/ruby-2.6.1/gems/actionpack-5.0.7.2/lib/action_dispatch/middleware/templates/rescues/_trace.html.erb
  Rendered /Users/augustoibarrola/.rvm/gems/ruby-2.6.1/gems/actionpack-5.0.7.2/lib/action_dispatch/middleware/templates/rescues/_trace.html.erb (1.1ms)
  Rendering /Users/augustoibarrola/.rvm/gems/ruby-2.6.1/gems/actionpack-5.0.7.2/lib/action_dispatch/middleware/templates/rescues/_request_and_response.html.erb
  Rendered /Users/augustoibarrola/.rvm/gems/ruby-2.6.1/gems/actionpack-5.0.7.2/lib/action_dispatch/middleware/templates/rescues/_request_and_response.html.erb (0.6ms)
  Rendered /Users/augustoibarrola/.rvm/gems/ruby-2.6.1/gems/actionpack-5.0.7.2/lib/action_dispatch/middleware/templates/rescues/diagnostics.html.erb within rescues/layout (14.2ms)
Started GET "/students" for ::1 at 2020-08-25 22:54:24 -0400
Processing by StudentsController#index as HTML
  Rendering students/index.html.erb within layouts/application
  Rendered students/index.html.erb within layouts/application (0.4ms)
Completed 500 Internal Server Error in 3ms (ActiveRecord: 0.0ms)


  
SyntaxError (/Users/augustoibarrola/Development/code/Module_2/rails-restful-index-action-lab-nyc01-seng-ft-080320/app/views/students/index.html.erb:3: syntax error, unexpected end
...eze;@output_buffer.append=( end );@output_buffer.to_s
...                            ^~~
/Users/augustoibarrola/Development/code/Module_2/rails-restful-index-action-lab-nyc01-seng-ft-080320/app/views/students/index.html.erb:4: syntax error, unexpected ensure, expecting ')'
          ensure
          ^~~~~~
/Users/augustoibarrola/Development/code/Module_2/rails-restful-index-action-lab-nyc01-seng-ft-080320/app/views/students/index.html.erb:6: syntax error, unexpected end, expecting ')'
          end
          ^~~):
  
app/views/students/index.html.erb:3: syntax error, unexpected end
app/views/students/index.html.erb:4: syntax error, unexpected ensure, expecting ')'
app/views/students/index.html.erb:6: syntax error, unexpected end, expecting ')'
  Rendering /Users/augustoibarrola/.rvm/gems/ruby-2.6.1/gems/actionpack-5.0.7.2/lib/action_dispatch/middleware/templates/rescues/diagnostics.html.erb within rescues/layout
  Rendering /Users/augustoibarrola/.rvm/gems/ruby-2.6.1/gems/actionpack-5.0.7.2/lib/action_dispatch/middleware/templates/rescues/_source.html.erb
  Rendered /Users/augustoibarrola/.rvm/gems/ruby-2.6.1/gems/actionpack-5.0.7.2/lib/action_dispatch/middleware/templates/rescues/_source.html.erb (9.8ms)
  Rendering /Users/augustoibarrola/.rvm/gems/ruby-2.6.1/gems/actionpack-5.0.7.2/lib/action_dispatch/middleware/templates/rescues/_trace.html.erb
  Rendered /Users/augustoibarrola/.rvm/gems/ruby-2.6.1/gems/actionpack-5.0.7.2/lib/action_dispatch/middleware/templates/rescues/_trace.html.erb (1.5ms)
  Rendering /Users/augustoibarrola/.rvm/gems/ruby-2.6.1/gems/actionpack-5.0.7.2/lib/action_dispatch/middleware/templates/rescues/_request_and_response.html.erb
  Rendered /Users/augustoibarrola/.rvm/gems/ruby-2.6.1/gems/actionpack-5.0.7.2/lib/action_dispatch/middleware/templates/rescues/_request_and_response.html.erb (1.4ms)
  Rendered /Users/augustoibarrola/.rvm/gems/ruby-2.6.1/gems/actionpack-5.0.7.2/lib/action_dispatch/middleware/templates/rescues/diagnostics.html.erb within rescues/layout (23.3ms)
Started GET "/students" for ::1 at 2020-08-25 22:54:34 -0400
Processing by StudentsController#index as HTML
  Rendering students/index.html.erb within layouts/application
  Rendered students/index.html.erb within layouts/application (0.4ms)
Completed 500 Internal Server Error in 3ms (ActiveRecord: 0.0ms)


  
SyntaxError (/Users/augustoibarrola/Development/code/Module_2/rails-restful-index-action-lab-nyc01-seng-ft-080320/app/views/students/index.html.erb:3: syntax error, unexpected end
...eze;@output_buffer.append=( end );@output_buffer.to_s
...                            ^~~
/Users/augustoibarrola/Development/code/Module_2/rails-restful-index-action-lab-nyc01-seng-ft-080320/app/views/students/index.html.erb:4: syntax error, unexpected ensure, expecting ')'
          ensure
          ^~~~~~
/Users/augustoibarrola/Development/code/Module_2/rails-restful-index-action-lab-nyc01-seng-ft-080320/app/views/students/index.html.erb:6: syntax error, unexpected end, expecting ')'
          end
          ^~~):
  
app/views/students/index.html.erb:3: syntax error, unexpected end
app/views/students/index.html.erb:4: syntax error, unexpected ensure, expecting ')'
app/views/students/index.html.erb:6: syntax error, unexpected end, expecting ')'
  Rendering /Users/augustoibarrola/.rvm/gems/ruby-2.6.1/gems/actionpack-5.0.7.2/lib/action_dispatch/middleware/templates/rescues/diagnostics.html.erb within rescues/layout
  Rendering /Users/augustoibarrola/.rvm/gems/ruby-2.6.1/gems/actionpack-5.0.7.2/lib/action_dispatch/middleware/templates/rescues/_source.html.erb
  Rendered /Users/augustoibarrola/.rvm/gems/ruby-2.6.1/gems/actionpack-5.0.7.2/lib/action_dispatch/middleware/templates/rescues/_source.html.erb (2.6ms)
  Rendering /Users/augustoibarrola/.rvm/gems/ruby-2.6.1/gems/actionpack-5.0.7.2/lib/action_dispatch/middleware/templates/rescues/_trace.html.erb
  Rendered /Users/augustoibarrola/.rvm/gems/ruby-2.6.1/gems/actionpack-5.0.7.2/lib/action_dispatch/middleware/templates/rescues/_trace.html.erb (1.1ms)
  Rendering /Users/augustoibarrola/.rvm/gems/ruby-2.6.1/gems/actionpack-5.0.7.2/lib/action_dispatch/middleware/templates/rescues/_request_and_response.html.erb
  Rendered /Users/augustoibarrola/.rvm/gems/ruby-2.6.1/gems/actionpack-5.0.7.2/lib/action_dispatch/middleware/templates/rescues/_request_and_response.html.erb (0.4ms)
  Rendered /Users/augustoibarrola/.rvm/gems/ruby-2.6.1/gems/actionpack-5.0.7.2/lib/action_dispatch/middleware/templates/rescues/diagnostics.html.erb within rescues/layout (14.1ms)
Started GET "/students" for ::1 at 2020-08-25 22:55:13 -0400
Processing by StudentsController#index as HTML
  Rendering students/index.html.erb within layouts/application
  Rendered students/index.html.erb within layouts/application (0.4ms)
Completed 500 Internal Server Error in 4ms (ActiveRecord: 0.0ms)


  
SyntaxError (/Users/augustoibarrola/Development/code/Module_2/rails-restful-index-action-lab-nyc01-seng-ft-080320/app/views/students/index.html.erb:3: syntax error, unexpected end
...eze;@output_buffer.append=( end );@output_buffer.to_s
...                            ^~~
/Users/augustoibarrola/Development/code/Module_2/rails-restful-index-action-lab-nyc01-seng-ft-080320/app/views/students/index.html.erb:4: syntax error, unexpected ensure, expecting ')'
          ensure
          ^~~~~~
/Users/augustoibarrola/Development/code/Module_2/rails-restful-index-action-lab-nyc01-seng-ft-080320/app/views/students/index.html.erb:6: syntax error, unexpected end, expecting ')'
          end
          ^~~):
  
app/views/students/index.html.erb:3: syntax error, unexpected end
app/views/students/index.html.erb:4: syntax error, unexpected ensure, expecting ')'
app/views/students/index.html.erb:6: syntax error, unexpected end, expecting ')'
  Rendering /Users/augustoibarrola/.rvm/gems/ruby-2.6.1/gems/actionpack-5.0.7.2/lib/action_dispatch/middleware/templates/rescues/diagnostics.html.erb within rescues/layout
  Rendering /Users/augustoibarrola/.rvm/gems/ruby-2.6.1/gems/actionpack-5.0.7.2/lib/action_dispatch/middleware/templates/rescues/_source.html.erb
  Rendered /Users/augustoibarrola/.rvm/gems/ruby-2.6.1/gems/actionpack-5.0.7.2/lib/action_dispatch/middleware/templates/rescues/_source.html.erb (2.9ms)
  Rendering /Users/augustoibarrola/.rvm/gems/ruby-2.6.1/gems/actionpack-5.0.7.2/lib/action_dispatch/middleware/templates/rescues/_trace.html.erb
  Rendered /Users/augustoibarrola/.rvm/gems/ruby-2.6.1/gems/actionpack-5.0.7.2/lib/action_dispatch/middleware/templates/rescues/_trace.html.erb (1.2ms)
  Rendering /Users/augustoibarrola/.rvm/gems/ruby-2.6.1/gems/actionpack-5.0.7.2/lib/action_dispatch/middleware/templates/rescues/_request_and_response.html.erb
  Rendered /Users/augustoibarrola/.rvm/gems/ruby-2.6.1/gems/actionpack-5.0.7.2/lib/action_dispatch/middleware/templates/rescues/_request_and_response.html.erb (0.6ms)
  Rendered /Users/augustoibarrola/.rvm/gems/ruby-2.6.1/gems/actionpack-5.0.7.2/lib/action_dispatch/middleware/templates/rescues/diagnostics.html.erb within rescues/layout (18.3ms)
Started GET "/" for ::1 at 2020-08-25 22:55:57 -0400
  [1m[36mActiveRecord::SchemaMigration Load (0.1ms)[0m  [1m[34mSELECT "schema_migrations".* FROM "schema_migrations"[0m
Processing by Rails::WelcomeController#index as HTML
  Parameters: {"internal"=>true}
  Rendering /Users/augustoibarrola/.rvm/gems/ruby-2.6.1/gems/railties-5.0.7.2/lib/rails/templates/rails/welcome/index.html.erb
  Rendered /Users/augustoibarrola/.rvm/gems/ruby-2.6.1/gems/railties-5.0.7.2/lib/rails/templates/rails/welcome/index.html.erb (3.2ms)
Completed 200 OK in 15ms (Views: 7.8ms | ActiveRecord: 0.0ms)


Started GET "/students" for ::1 at 2020-08-25 22:56:05 -0400
Processing by StudentsController#index as HTML
  Rendering students/index.html.erb within layouts/application
  Rendered students/index.html.erb within layouts/application (0.4ms)
Completed 500 Internal Server Error in 5ms (ActiveRecord: 0.0ms)


  
SyntaxError (/Users/augustoibarrola/Development/code/Module_2/rails-restful-index-action-lab-nyc01-seng-ft-080320/app/views/students/index.html.erb:3: syntax error, unexpected end
...eze;@output_buffer.append=( end );@output_buffer.to_s
...                            ^~~
/Users/augustoibarrola/Development/code/Module_2/rails-restful-index-action-lab-nyc01-seng-ft-080320/app/views/students/index.html.erb:4: syntax error, unexpected ensure, expecting ')'
          ensure
          ^~~~~~
/Users/augustoibarrola/Development/code/Module_2/rails-restful-index-action-lab-nyc01-seng-ft-080320/app/views/students/index.html.erb:6: syntax error, unexpected end, expecting ')'
          end
          ^~~):
  
app/views/students/index.html.erb:3: syntax error, unexpected end
app/views/students/index.html.erb:4: syntax error, unexpected ensure, expecting ')'
app/views/students/index.html.erb:6: syntax error, unexpected end, expecting ')'
  Rendering /Users/augustoibarrola/.rvm/gems/ruby-2.6.1/gems/actionpack-5.0.7.2/lib/action_dispatch/middleware/templates/rescues/diagnostics.html.erb within rescues/layout
  Rendering /Users/augustoibarrola/.rvm/gems/ruby-2.6.1/gems/actionpack-5.0.7.2/lib/action_dispatch/middleware/templates/rescues/_source.html.erb
  Rendered /Users/augustoibarrola/.rvm/gems/ruby-2.6.1/gems/actionpack-5.0.7.2/lib/action_dispatch/middleware/templates/rescues/_source.html.erb (2.7ms)
  Rendering /Users/augustoibarrola/.rvm/gems/ruby-2.6.1/gems/actionpack-5.0.7.2/lib/action_dispatch/middleware/templates/rescues/_trace.html.erb
  Rendered /Users/augustoibarrola/.rvm/gems/ruby-2.6.1/gems/actionpack-5.0.7.2/lib/action_dispatch/middleware/templates/rescues/_trace.html.erb (1.2ms)
  Rendering /Users/augustoibarrola/.rvm/gems/ruby-2.6.1/gems/actionpack-5.0.7.2/lib/action_dispatch/middleware/templates/rescues/_request_and_response.html.erb
  Rendered /Users/augustoibarrola/.rvm/gems/ruby-2.6.1/gems/actionpack-5.0.7.2/lib/action_dispatch/middleware/templates/rescues/_request_and_response.html.erb (0.5ms)
  Rendered /Users/augustoibarrola/.rvm/gems/ruby-2.6.1/gems/actionpack-5.0.7.2/lib/action_dispatch/middleware/templates/rescues/diagnostics.html.erb within rescues/layout (27.6ms)
Started GET "/students" for ::1 at 2020-08-25 22:58:15 -0400
Processing by StudentsController#index as HTML
  Rendering students/index.html.erb within layouts/application
  Rendered students/index.html.erb within layouts/application (0.5ms)
Completed 500 Internal Server Error in 4ms (ActiveRecord: 0.0ms)


  
SyntaxError (/Users/augustoibarrola/Development/code/Module_2/rails-restful-index-action-lab-nyc01-seng-ft-080320/app/views/students/index.html.erb:3: syntax error, unexpected end
...eze;@output_buffer.append=( end );@output_buffer.to_s
...                            ^~~
/Users/augustoibarrola/Development/code/Module_2/rails-restful-index-action-lab-nyc01-seng-ft-080320/app/views/students/index.html.erb:4: syntax error, unexpected ensure, expecting ')'
          ensure
          ^~~~~~
/Users/augustoibarrola/Development/code/Module_2/rails-restful-index-action-lab-nyc01-seng-ft-080320/app/views/students/index.html.erb:6: syntax error, unexpected end, expecting ')'
          end
          ^~~):
  
app/views/students/index.html.erb:3: syntax error, unexpected end
app/views/students/index.html.erb:4: syntax error, unexpected ensure, expecting ')'
app/views/students/index.html.erb:6: syntax error, unexpected end, expecting ')'
  Rendering /Users/augustoibarrola/.rvm/gems/ruby-2.6.1/gems/actionpack-5.0.7.2/lib/action_dispatch/middleware/templates/rescues/diagnostics.html.erb within rescues/layout
  Rendering /Users/augustoibarrola/.rvm/gems/ruby-2.6.1/gems/actionpack-5.0.7.2/lib/action_dispatch/middleware/templates/rescues/_source.html.erb
  Rendered /Users/augustoibarrola/.rvm/gems/ruby-2.6.1/gems/actionpack-5.0.7.2/lib/action_dispatch/middleware/templates/rescues/_source.html.erb (2.2ms)
  Rendering /Users/augustoibarrola/.rvm/gems/ruby-2.6.1/gems/actionpack-5.0.7.2/lib/action_dispatch/middleware/templates/rescues/_trace.html.erb
  Rendered /Users/augustoibarrola/.rvm/gems/ruby-2.6.1/gems/actionpack-5.0.7.2/lib/action_dispatch/middleware/templates/rescues/_trace.html.erb (1.1ms)
  Rendering /Users/augustoibarrola/.rvm/gems/ruby-2.6.1/gems/actionpack-5.0.7.2/lib/action_dispatch/middleware/templates/rescues/_request_and_response.html.erb
  Rendered /Users/augustoibarrola/.rvm/gems/ruby-2.6.1/gems/actionpack-5.0.7.2/lib/action_dispatch/middleware/templates/rescues/_request_and_response.html.erb (0.5ms)
  Rendered /Users/augustoibarrola/.rvm/gems/ruby-2.6.1/gems/actionpack-5.0.7.2/lib/action_dispatch/middleware/templates/rescues/diagnostics.html.erb within rescues/layout (14.5ms)
Started GET "/students" for ::1 at 2020-08-25 22:58:17 -0400
Processing by StudentsController#index as HTML
  Rendering students/index.html.erb within layouts/application
  Rendered students/index.html.erb within layouts/application (0.3ms)
Completed 500 Internal Server Error in 3ms (ActiveRecord: 0.0ms)


  
SyntaxError (/Users/augustoibarrola/Development/code/Module_2/rails-restful-index-action-lab-nyc01-seng-ft-080320/app/views/students/index.html.erb:3: syntax error, unexpected end
...eze;@output_buffer.append=( end );@output_buffer.to_s
...                            ^~~
/Users/augustoibarrola/Development/code/Module_2/rails-restful-index-action-lab-nyc01-seng-ft-080320/app/views/students/index.html.erb:4: syntax error, unexpected ensure, expecting ')'
          ensure
          ^~~~~~
/Users/augustoibarrola/Development/code/Module_2/rails-restful-index-action-lab-nyc01-seng-ft-080320/app/views/students/index.html.erb:6: syntax error, unexpected end, expecting ')'
          end
          ^~~):
  
app/views/students/index.html.erb:3: syntax error, unexpected end
app/views/students/index.html.erb:4: syntax error, unexpected ensure, expecting ')'
app/views/students/index.html.erb:6: syntax error, unexpected end, expecting ')'
  Rendering /Users/augustoibarrola/.rvm/gems/ruby-2.6.1/gems/actionpack-5.0.7.2/lib/action_dispatch/middleware/templates/rescues/diagnostics.html.erb within rescues/layout
  Rendering /Users/augustoibarrola/.rvm/gems/ruby-2.6.1/gems/actionpack-5.0.7.2/lib/action_dispatch/middleware/templates/rescues/_source.html.erb
  Rendered /Users/augustoibarrola/.rvm/gems/ruby-2.6.1/gems/actionpack-5.0.7.2/lib/action_dispatch/middleware/templates/rescues/_source.html.erb (2.4ms)
  Rendering /Users/augustoibarrola/.rvm/gems/ruby-2.6.1/gems/actionpack-5.0.7.2/lib/action_dispatch/middleware/templates/rescues/_trace.html.erb
  Rendered /Users/augustoibarrola/.rvm/gems/ruby-2.6.1/gems/actionpack-5.0.7.2/lib/action_dispatch/middleware/templates/rescues/_trace.html.erb (1.1ms)
  Rendering /Users/augustoibarrola/.rvm/gems/ruby-2.6.1/gems/actionpack-5.0.7.2/lib/action_dispatch/middleware/templates/rescues/_request_and_response.html.erb
  Rendered /Users/augustoibarrola/.rvm/gems/ruby-2.6.1/gems/actionpack-5.0.7.2/lib/action_dispatch/middleware/templates/rescues/_request_and_response.html.erb (0.5ms)
  Rendered /Users/augustoibarrola/.rvm/gems/ruby-2.6.1/gems/actionpack-5.0.7.2/lib/action_dispatch/middleware/templates/rescues/diagnostics.html.erb within rescues/layout (14.0ms)
Started GET "/students" for ::1 at 2020-08-25 22:58:18 -0400
Processing by StudentsController#index as HTML
  Rendering students/index.html.erb within layouts/application
  Rendered students/index.html.erb within layouts/application (0.4ms)
Completed 500 Internal Server Error in 3ms (ActiveRecord: 0.0ms)


  
SyntaxError (/Users/augustoibarrola/Development/code/Module_2/rails-restful-index-action-lab-nyc01-seng-ft-080320/app/views/students/index.html.erb:3: syntax error, unexpected end
...eze;@output_buffer.append=( end );@output_buffer.to_s
...                            ^~~
/Users/augustoibarrola/Development/code/Module_2/rails-restful-index-action-lab-nyc01-seng-ft-080320/app/views/students/index.html.erb:4: syntax error, unexpected ensure, expecting ')'
          ensure
          ^~~~~~
/Users/augustoibarrola/Development/code/Module_2/rails-restful-index-action-lab-nyc01-seng-ft-080320/app/views/students/index.html.erb:6: syntax error, unexpected end, expecting ')'
          end
          ^~~):
  
app/views/students/index.html.erb:3: syntax error, unexpected end
app/views/students/index.html.erb:4: syntax error, unexpected ensure, expecting ')'
app/views/students/index.html.erb:6: syntax error, unexpected end, expecting ')'
  Rendering /Users/augustoibarrola/.rvm/gems/ruby-2.6.1/gems/actionpack-5.0.7.2/lib/action_dispatch/middleware/templates/rescues/diagnostics.html.erb within rescues/layout
  Rendering /Users/augustoibarrola/.rvm/gems/ruby-2.6.1/gems/actionpack-5.0.7.2/lib/action_dispatch/middleware/templates/rescues/_source.html.erb
  Rendered /Users/augustoibarrola/.rvm/gems/ruby-2.6.1/gems/actionpack-5.0.7.2/lib/action_dispatch/middleware/templates/rescues/_source.html.erb (2.3ms)
  Rendering /Users/augustoibarrola/.rvm/gems/ruby-2.6.1/gems/actionpack-5.0.7.2/lib/action_dispatch/middleware/templates/rescues/_trace.html.erb
  Rendered /Users/augustoibarrola/.rvm/gems/ruby-2.6.1/gems/actionpack-5.0.7.2/lib/action_dispatch/middleware/templates/rescues/_trace.html.erb (1.1ms)
  Rendering /Users/augustoibarrola/.rvm/gems/ruby-2.6.1/gems/actionpack-5.0.7.2/lib/action_dispatch/middleware/templates/rescues/_request_and_response.html.erb
  Rendered /Users/augustoibarrola/.rvm/gems/ruby-2.6.1/gems/actionpack-5.0.7.2/lib/action_dispatch/middleware/templates/rescues/_request_and_response.html.erb (0.5ms)
  Rendered /Users/augustoibarrola/.rvm/gems/ruby-2.6.1/gems/actionpack-5.0.7.2/lib/action_dispatch/middleware/templates/rescues/diagnostics.html.erb within rescues/layout (14.4ms)
Started GET "/" for ::1 at 2020-08-25 22:58:21 -0400
Processing by Rails::WelcomeController#index as HTML
  Parameters: {"internal"=>true}
  Rendering /Users/augustoibarrola/.rvm/gems/ruby-2.6.1/gems/railties-5.0.7.2/lib/rails/templates/rails/welcome/index.html.erb
  Rendered /Users/augustoibarrola/.rvm/gems/ruby-2.6.1/gems/railties-5.0.7.2/lib/rails/templates/rails/welcome/index.html.erb (1.8ms)
Completed 200 OK in 5ms (Views: 2.7ms | ActiveRecord: 0.0ms)


Started GET "/students" for ::1 at 2020-08-25 22:58:24 -0400
Processing by StudentsController#index as HTML
  Rendering students/index.html.erb within layouts/application
  Rendered students/index.html.erb within layouts/application (0.3ms)
Completed 500 Internal Server Error in 2ms (ActiveRecord: 0.0ms)


  
SyntaxError (/Users/augustoibarrola/Development/code/Module_2/rails-restful-index-action-lab-nyc01-seng-ft-080320/app/views/students/index.html.erb:3: syntax error, unexpected end
...eze;@output_buffer.append=( end );@output_buffer.to_s
...                            ^~~
/Users/augustoibarrola/Development/code/Module_2/rails-restful-index-action-lab-nyc01-seng-ft-080320/app/views/students/index.html.erb:4: syntax error, unexpected ensure, expecting ')'
          ensure
          ^~~~~~
/Users/augustoibarrola/Development/code/Module_2/rails-restful-index-action-lab-nyc01-seng-ft-080320/app/views/students/index.html.erb:6: syntax error, unexpected end, expecting ')'
          end
          ^~~):
  
app/views/students/index.html.erb:3: syntax error, unexpected end
app/views/students/index.html.erb:4: syntax error, unexpected ensure, expecting ')'
app/views/students/index.html.erb:6: syntax error, unexpected end, expecting ')'
  Rendering /Users/augustoibarrola/.rvm/gems/ruby-2.6.1/gems/actionpack-5.0.7.2/lib/action_dispatch/middleware/templates/rescues/diagnostics.html.erb within rescues/layout
  Rendering /Users/augustoibarrola/.rvm/gems/ruby-2.6.1/gems/actionpack-5.0.7.2/lib/action_dispatch/middleware/templates/rescues/_source.html.erb
  Rendered /Users/augustoibarrola/.rvm/gems/ruby-2.6.1/gems/actionpack-5.0.7.2/lib/action_dispatch/middleware/templates/rescues/_source.html.erb (2.4ms)
  Rendering /Users/augustoibarrola/.rvm/gems/ruby-2.6.1/gems/actionpack-5.0.7.2/lib/action_dispatch/middleware/templates/rescues/_trace.html.erb
  Rendered /Users/augustoibarrola/.rvm/gems/ruby-2.6.1/gems/actionpack-5.0.7.2/lib/action_dispatch/middleware/templates/rescues/_trace.html.erb (1.1ms)
  Rendering /Users/augustoibarrola/.rvm/gems/ruby-2.6.1/gems/actionpack-5.0.7.2/lib/action_dispatch/middleware/templates/rescues/_request_and_response.html.erb
  Rendered /Users/augustoibarrola/.rvm/gems/ruby-2.6.1/gems/actionpack-5.0.7.2/lib/action_dispatch/middleware/templates/rescues/_request_and_response.html.erb (0.4ms)
  Rendered /Users/augustoibarrola/.rvm/gems/ruby-2.6.1/gems/actionpack-5.0.7.2/lib/action_dispatch/middleware/templates/rescues/diagnostics.html.erb within rescues/layout (14.1ms)
Started GET "/" for ::1 at 2020-08-25 22:59:55 -0400
  [1m[36mActiveRecord::SchemaMigration Load (0.2ms)[0m  [1m[34mSELECT "schema_migrations".* FROM "schema_migrations"[0m
Processing by Rails::WelcomeController#index as HTML
  Parameters: {"internal"=>true}
  Rendering /Users/augustoibarrola/.rvm/gems/ruby-2.6.1/gems/railties-5.0.7.2/lib/rails/templates/rails/welcome/index.html.erb
  Rendered /Users/augustoibarrola/.rvm/gems/ruby-2.6.1/gems/railties-5.0.7.2/lib/rails/templates/rails/welcome/index.html.erb (2.9ms)
Completed 200 OK in 13ms (Views: 6.8ms | ActiveRecord: 0.0ms)


Started GET "/students" for ::1 at 2020-08-25 22:59:59 -0400
Processing by StudentsController#index as HTML
  Rendering students/index.html.erb within layouts/application
  Rendered students/index.html.erb within layouts/application (0.4ms)
Completed 500 Internal Server Error in 5ms (ActiveRecord: 0.0ms)


  
SyntaxError (/Users/augustoibarrola/Development/code/Module_2/rails-restful-index-action-lab-nyc01-seng-ft-080320/app/views/students/index.html.erb:3: syntax error, unexpected end
...eze;@output_buffer.append=( end );@output_buffer.to_s
...                            ^~~
/Users/augustoibarrola/Development/code/Module_2/rails-restful-index-action-lab-nyc01-seng-ft-080320/app/views/students/index.html.erb:4: syntax error, unexpected ensure, expecting ')'
          ensure
          ^~~~~~
/Users/augustoibarrola/Development/code/Module_2/rails-restful-index-action-lab-nyc01-seng-ft-080320/app/views/students/index.html.erb:6: syntax error, unexpected end, expecting ')'
          end
          ^~~):
  
app/views/students/index.html.erb:3: syntax error, unexpected end
app/views/students/index.html.erb:4: syntax error, unexpected ensure, expecting ')'
app/views/students/index.html.erb:6: syntax error, unexpected end, expecting ')'
  Rendering /Users/augustoibarrola/.rvm/gems/ruby-2.6.1/gems/actionpack-5.0.7.2/lib/action_dispatch/middleware/templates/rescues/diagnostics.html.erb within rescues/layout
  Rendering /Users/augustoibarrola/.rvm/gems/ruby-2.6.1/gems/actionpack-5.0.7.2/lib/action_dispatch/middleware/templates/rescues/_source.html.erb
  Rendered /Users/augustoibarrola/.rvm/gems/ruby-2.6.1/gems/actionpack-5.0.7.2/lib/action_dispatch/middleware/templates/rescues/_source.html.erb (2.6ms)
  Rendering /Users/augustoibarrola/.rvm/gems/ruby-2.6.1/gems/actionpack-5.0.7.2/lib/action_dispatch/middleware/templates/rescues/_trace.html.erb
  Rendered /Users/augustoibarrola/.rvm/gems/ruby-2.6.1/gems/actionpack-5.0.7.2/lib/action_dispatch/middleware/templates/rescues/_trace.html.erb (1.2ms)
  Rendering /Users/augustoibarrola/.rvm/gems/ruby-2.6.1/gems/actionpack-5.0.7.2/lib/action_dispatch/middleware/templates/rescues/_request_and_response.html.erb
  Rendered /Users/augustoibarrola/.rvm/gems/ruby-2.6.1/gems/actionpack-5.0.7.2/lib/action_dispatch/middleware/templates/rescues/_request_and_response.html.erb (0.5ms)
  Rendered /Users/augustoibarrola/.rvm/gems/ruby-2.6.1/gems/actionpack-5.0.7.2/lib/action_dispatch/middleware/templates/rescues/diagnostics.html.erb within rescues/layout (25.9ms)
Started GET "/" for ::1 at 2020-08-25 23:00:54 -0400
Processing by Rails::WelcomeController#index as HTML
  Parameters: {"internal"=>true}
  Rendering /Users/augustoibarrola/.rvm/gems/ruby-2.6.1/gems/railties-5.0.7.2/lib/rails/templates/rails/welcome/index.html.erb
  Rendered /Users/augustoibarrola/.rvm/gems/ruby-2.6.1/gems/railties-5.0.7.2/lib/rails/templates/rails/welcome/index.html.erb (1.9ms)
Completed 200 OK in 4ms (Views: 2.7ms | ActiveRecord: 0.0ms)


Started GET "/students" for ::1 at 2020-08-25 23:00:56 -0400
Processing by StudentsController#index as HTML
  Rendering students/index.html.erb within layouts/application
  Rendered students/index.html.erb within layouts/application (0.4ms)
Completed 500 Internal Server Error in 3ms (ActiveRecord: 0.0ms)


  
SyntaxError (/Users/augustoibarrola/Development/code/Module_2/rails-restful-index-action-lab-nyc01-seng-ft-080320/app/views/students/index.html.erb:3: syntax error, unexpected end
...eze;@output_buffer.append=( end );@output_buffer.to_s
...                            ^~~
/Users/augustoibarrola/Development/code/Module_2/rails-restful-index-action-lab-nyc01-seng-ft-080320/app/views/students/index.html.erb:4: syntax error, unexpected ensure, expecting ')'
          ensure
          ^~~~~~
/Users/augustoibarrola/Development/code/Module_2/rails-restful-index-action-lab-nyc01-seng-ft-080320/app/views/students/index.html.erb:6: syntax error, unexpected end, expecting ')'
          end
          ^~~):
  
app/views/students/index.html.erb:3: syntax error, unexpected end
app/views/students/index.html.erb:4: syntax error, unexpected ensure, expecting ')'
app/views/students/index.html.erb:6: syntax error, unexpected end, expecting ')'
  Rendering /Users/augustoibarrola/.rvm/gems/ruby-2.6.1/gems/actionpack-5.0.7.2/lib/action_dispatch/middleware/templates/rescues/diagnostics.html.erb within rescues/layout
  Rendering /Users/augustoibarrola/.rvm/gems/ruby-2.6.1/gems/actionpack-5.0.7.2/lib/action_dispatch/middleware/templates/rescues/_source.html.erb
  Rendered /Users/augustoibarrola/.rvm/gems/ruby-2.6.1/gems/actionpack-5.0.7.2/lib/action_dispatch/middleware/templates/rescues/_source.html.erb (2.3ms)
  Rendering /Users/augustoibarrola/.rvm/gems/ruby-2.6.1/gems/actionpack-5.0.7.2/lib/action_dispatch/middleware/templates/rescues/_trace.html.erb
  Rendered /Users/augustoibarrola/.rvm/gems/ruby-2.6.1/gems/actionpack-5.0.7.2/lib/action_dispatch/middleware/templates/rescues/_trace.html.erb (1.0ms)
  Rendering /Users/augustoibarrola/.rvm/gems/ruby-2.6.1/gems/actionpack-5.0.7.2/lib/action_dispatch/middleware/templates/rescues/_request_and_response.html.erb
  Rendered /Users/augustoibarrola/.rvm/gems/ruby-2.6.1/gems/actionpack-5.0.7.2/lib/action_dispatch/middleware/templates/rescues/_request_and_response.html.erb (0.5ms)
  Rendered /Users/augustoibarrola/.rvm/gems/ruby-2.6.1/gems/actionpack-5.0.7.2/lib/action_dispatch/middleware/templates/rescues/diagnostics.html.erb within rescues/layout (13.7ms)
Started GET "/" for ::1 at 2020-08-25 23:01:20 -0400
Processing by Rails::WelcomeController#index as HTML
  Parameters: {"internal"=>true}
  Rendering /Users/augustoibarrola/.rvm/gems/ruby-2.6.1/gems/railties-5.0.7.2/lib/rails/templates/rails/welcome/index.html.erb
  Rendered /Users/augustoibarrola/.rvm/gems/ruby-2.6.1/gems/railties-5.0.7.2/lib/rails/templates/rails/welcome/index.html.erb (1.7ms)
Completed 200 OK in 4ms (Views: 2.8ms | ActiveRecord: 0.0ms)


Started GET "/students" for ::1 at 2020-08-25 23:01:23 -0400
Processing by StudentsController#index as HTML
  Rendering students/index.html.erb within layouts/application
  [1m[36mStudent Load (0.2ms)[0m  [1m[34mSELECT "students".* FROM "students"[0m
  Rendered students/index.html.erb within layouts/application (4.3ms)
Completed 200 OK in 342ms (Views: 340.7ms | ActiveRecord: 0.6ms)


Started GET "/" for ::1 at 2020-08-25 23:03:03 -0400
Processing by Rails::WelcomeController#index as HTML
  Parameters: {"internal"=>true}
  Rendering /Users/augustoibarrola/.rvm/gems/ruby-2.6.1/gems/railties-5.0.7.2/lib/rails/templates/rails/welcome/index.html.erb
  Rendered /Users/augustoibarrola/.rvm/gems/ruby-2.6.1/gems/railties-5.0.7.2/lib/rails/templates/rails/welcome/index.html.erb (1.9ms)
Completed 200 OK in 5ms (Views: 2.7ms | ActiveRecord: 0.0ms)


Started GET "/students" for ::1 at 2020-08-25 23:03:07 -0400
Processing by StudentsController#index as HTML
  Rendering students/index.html.erb within layouts/application
  [1m[36mStudent Load (0.1ms)[0m  [1m[34mSELECT "students".* FROM "students"[0m
  Rendered students/index.html.erb within layouts/application (0.8ms)
Completed 200 OK in 15ms (Views: 13.3ms | ActiveRecord: 0.1ms)


